2016-08-08 15:37:06,332[INFO][main][com.cmcc.hy.bigdata.weijifen.jobs.guizhou.userinfoday.CustInfoMapper:68] - 1map CustInfoMapper in 
2016-08-08 16:37:23,479[INFO][main][com.cmcc.hy.bigdata.weijifen.jobs.guizhou.userinfoday.CustInfoMapper:68] - 1map CustInfoMapper in 
2016-08-08 16:37:23,588[INFO][main][com.cmcc.hy.bigdata.weijifen.jobs.guizhou.userinfoday.UserInfoMapper:66] - 1map UserInfoMapper in 
2016-08-08 16:37:24,166[WARN][main][org.apache.hadoop.util.NativeCodeLoader:62] - Unable to load native-hadoop library for your platform... using builtin-java classes where applicable
2016-08-08 16:39:40,334[INFO][main][com.cmcc.hy.bigdata.weijifen.jobs.guizhou.userinfoday.CustInfoMapper:68] - 1map CustInfoMapper in 
2016-08-08 16:39:40,382[INFO][main][com.cmcc.hy.bigdata.weijifen.jobs.guizhou.userinfoday.UserInfoMapper:66] - 1map UserInfoMapper in 
2016-08-08 16:39:40,941[WARN][main][org.apache.hadoop.util.NativeCodeLoader:62] - Unable to load native-hadoop library for your platform... using builtin-java classes where applicable
2016-08-08 16:47:36,629[INFO][main][com.cmcc.hy.bigdata.weijifen.jobs.guizhou.userinfoday.CustInfoMapper:68] - 1map CustInfoMapper in 
2016-08-08 16:47:36,719[INFO][main][com.cmcc.hy.bigdata.weijifen.jobs.guizhou.userinfoday.UserInfoMapper:66] - 1map UserInfoMapper in 
2016-08-08 16:47:37,345[WARN][main][org.apache.hadoop.util.NativeCodeLoader:62] - Unable to load native-hadoop library for your platform... using builtin-java classes where applicable
2016-08-08 16:52:51,129[INFO][main][com.cmcc.hy.bigdata.weijifen.jobs.guizhou.userinfoday.CustInfoMapper:68] - 1map CustInfoMapper in 
2016-08-08 16:53:31,567[INFO][main][com.cmcc.hy.bigdata.weijifen.jobs.guizhou.userinfoday.UserInfoMapper:66] - 1map UserInfoMapper in 
2016-08-08 16:53:32,229[WARN][main][org.apache.hadoop.util.NativeCodeLoader:62] - Unable to load native-hadoop library for your platform... using builtin-java classes where applicable
2016-08-08 17:00:32,353[INFO][main][com.cmcc.hy.bigdata.weijifen.jobs.guizhou.userinfoday.UserInfoMapper:66] - 1map UserInfoMapper in 
2016-08-08 17:00:32,369[INFO][main][com.cmcc.hy.bigdata.weijifen.jobs.guizhou.userinfoday.CustInfoMapper:68] - 1map CustInfoMapper in 
2016-08-08 17:00:32,910[WARN][main][org.apache.hadoop.util.NativeCodeLoader:62] - Unable to load native-hadoop library for your platform... using builtin-java classes where applicable
2016-08-08 17:00:33,312[INFO][main][com.cmcc.hy.bigdata.weijifen.guizhou.TestUserInfoDayJob:95] - first:(31 38 38 36 37 31 30 31 31 31 31, {"totalColumns":4,"families":{"basicInfo":[{"timestamp":9223372036854775807,"tag":[],"qualifier":"uid","vlen":11},{"timestamp":9223372036854775807,"tag":[],"qualifier":"userstatus","vlen":1},{"timestamp":9223372036854775807,"tag":[],"qualifier":"age","vlen":4},{"timestamp":9223372036854775807,"tag":[],"qualifier":"gender","vlen":1}]},"row":"18867101111"})
2016-08-08 17:00:33,313[INFO][main][com.cmcc.hy.bigdata.weijifen.guizhou.TestUserInfoDayJob:96] - first:31 38 38 36 37 31 30 31 31 31 31
2016-08-08 17:00:33,313[INFO][main][com.cmcc.hy.bigdata.weijifen.guizhou.TestUserInfoDayJob:97] - second:{"totalColumns":4,"families":{"basicInfo":[{"timestamp":9223372036854775807,"tag":[],"qualifier":"uid","vlen":11},{"timestamp":9223372036854775807,"tag":[],"qualifier":"userstatus","vlen":1},{"timestamp":9223372036854775807,"tag":[],"qualifier":"age","vlen":4},{"timestamp":9223372036854775807,"tag":[],"qualifier":"gender","vlen":1}]},"row":"18867101111"}
2016-08-08 17:02:46,621[INFO][main][com.cmcc.hy.bigdata.weijifen.jobs.guizhou.userinfoday.UserInfoMapper:66] - 1map UserInfoMapper in 
2016-08-08 17:02:46,637[INFO][main][com.cmcc.hy.bigdata.weijifen.jobs.guizhou.userinfoday.CustInfoMapper:68] - 1map CustInfoMapper in 
2016-08-08 17:02:47,202[WARN][main][org.apache.hadoop.util.NativeCodeLoader:62] - Unable to load native-hadoop library for your platform... using builtin-java classes where applicable
2016-08-08 17:02:47,403[INFO][main][com.cmcc.hy.bigdata.weijifen.guizhou.TestUserInfoDayJob:95] - expectedRowkey:[B@23d022f5
2016-08-08 17:02:47,680[INFO][main][com.cmcc.hy.bigdata.weijifen.guizhou.TestUserInfoDayJob:96] - resultPair:(31 38 38 36 37 31 30 31 31 31 31, {"totalColumns":4,"families":{"basicInfo":[{"timestamp":9223372036854775807,"tag":[],"qualifier":"uid","vlen":11},{"timestamp":9223372036854775807,"tag":[],"qualifier":"userstatus","vlen":1},{"timestamp":9223372036854775807,"tag":[],"qualifier":"age","vlen":4},{"timestamp":9223372036854775807,"tag":[],"qualifier":"gender","vlen":1}]},"row":"18867101111"})
2016-08-08 17:02:47,681[INFO][main][com.cmcc.hy.bigdata.weijifen.guizhou.TestUserInfoDayJob:97] - first:31 38 38 36 37 31 30 31 31 31 31
2016-08-08 17:02:47,681[INFO][main][com.cmcc.hy.bigdata.weijifen.guizhou.TestUserInfoDayJob:98] - second:{"totalColumns":4,"families":{"basicInfo":[{"timestamp":9223372036854775807,"tag":[],"qualifier":"uid","vlen":11},{"timestamp":9223372036854775807,"tag":[],"qualifier":"userstatus","vlen":1},{"timestamp":9223372036854775807,"tag":[],"qualifier":"age","vlen":4},{"timestamp":9223372036854775807,"tag":[],"qualifier":"gender","vlen":1}]},"row":"18867101111"}
2016-08-08 17:04:55,335[INFO][main][com.cmcc.hy.bigdata.weijifen.jobs.guizhou.userinfoday.UserInfoMapper:66] - 1map UserInfoMapper in 
2016-08-08 17:04:55,351[INFO][main][com.cmcc.hy.bigdata.weijifen.jobs.guizhou.userinfoday.CustInfoMapper:68] - 1map CustInfoMapper in 
2016-08-08 17:04:55,391[INFO][main][com.cmcc.hy.bigdata.weijifen.jobs.guizhou.userinfoday.UserInfoDayReducer:55] - sys UserInfoDayReducer reduce in  2300008134350
2016-08-08 17:04:55,392[INFO][main][com.cmcc.hy.bigdata.weijifen.jobs.guizhou.userinfoday.UserInfoDayReducer:124] - after merge:  UserBasicInfo [age=0, gender=M, salary=0.0, uid=18867101111, idNumber=null, name=null, birthday=null, address=null, job=null, accountBalance=null, orders=null, hobby=null, isMarried=null, channeled=null, authentication=null, phoneBrand=null, phoneModel=null, imei=null, imsi=null, registrationTime=null, userstatus=2, is5warn=null, registrationType=null, blacklistType=null, StarLevel=null, groupType=null]
2016-08-08 17:04:55,921[WARN][main][org.apache.hadoop.util.NativeCodeLoader:62] - Unable to load native-hadoop library for your platform... using builtin-java classes where applicable
2016-08-08 17:04:56,115[INFO][main][com.cmcc.hy.bigdata.weijifen.guizhou.TestUserInfoDayJob:95] - expectedKey:31 38 38 36 37 31 30 31 31 31 31
2016-08-08 17:04:56,336[INFO][main][com.cmcc.hy.bigdata.weijifen.guizhou.TestUserInfoDayJob:96] - resultPair:(31 38 38 36 37 31 30 31 31 31 31, {"totalColumns":4,"families":{"basicInfo":[{"timestamp":9223372036854775807,"tag":[],"qualifier":"uid","vlen":11},{"timestamp":9223372036854775807,"tag":[],"qualifier":"userstatus","vlen":1},{"timestamp":9223372036854775807,"tag":[],"qualifier":"age","vlen":4},{"timestamp":9223372036854775807,"tag":[],"qualifier":"gender","vlen":1}]},"row":"18867101111"})
2016-08-08 17:04:56,336[INFO][main][com.cmcc.hy.bigdata.weijifen.guizhou.TestUserInfoDayJob:97] - first:31 38 38 36 37 31 30 31 31 31 31
2016-08-08 17:04:56,337[INFO][main][com.cmcc.hy.bigdata.weijifen.guizhou.TestUserInfoDayJob:98] - second:{"totalColumns":4,"families":{"basicInfo":[{"timestamp":9223372036854775807,"tag":[],"qualifier":"uid","vlen":11},{"timestamp":9223372036854775807,"tag":[],"qualifier":"userstatus","vlen":1},{"timestamp":9223372036854775807,"tag":[],"qualifier":"age","vlen":4},{"timestamp":9223372036854775807,"tag":[],"qualifier":"gender","vlen":1}]},"row":"18867101111"}
2016-08-08 17:15:49,163[INFO][main][com.cmcc.hy.bigdata.weijifen.jobs.guizhou.userinfoday.CustInfoMapper:68] - 1map CustInfoMapper in 
2016-08-08 17:15:49,179[INFO][main][com.cmcc.hy.bigdata.weijifen.jobs.guizhou.userinfoday.UserInfoMapper:66] - 1map UserInfoMapper in 
2016-08-08 17:15:49,221[INFO][main][com.cmcc.hy.bigdata.weijifen.jobs.guizhou.userinfoday.UserInfoDayReducer:55] - sys UserInfoDayReducer reduce in  2300008134350
2016-08-08 17:15:49,222[INFO][main][com.cmcc.hy.bigdata.weijifen.jobs.guizhou.userinfoday.UserInfoDayReducer:124] - after merge:  UserBasicInfo [age=0, gender=M, salary=0.0, uid=18867101111, idNumber=null, name=null, birthday=null, address=null, job=null, accountBalance=null, orders=null, hobby=null, isMarried=null, channeled=null, authentication=null, phoneBrand=null, phoneModel=null, imei=null, imsi=null, registrationTime=null, userstatus=2, is5warn=null, registrationType=null, blacklistType=null, StarLevel=null, groupType=null]
2016-08-08 17:15:49,683[WARN][main][org.apache.hadoop.util.NativeCodeLoader:62] - Unable to load native-hadoop library for your platform... using builtin-java classes where applicable
2016-08-08 17:15:49,872[INFO][main][com.cmcc.hy.bigdata.weijifen.guizhou.TestUserInfoDayJob:95] - expectedKey:31 38 38 36 37 31 30 31 31 31 31
2016-08-08 17:15:50,080[INFO][main][com.cmcc.hy.bigdata.weijifen.guizhou.TestUserInfoDayJob:96] - resultPair:(31 38 38 36 37 31 30 31 31 31 31, {"totalColumns":4,"families":{"basicInfo":[{"timestamp":9223372036854775807,"tag":[],"qualifier":"uid","vlen":11},{"timestamp":9223372036854775807,"tag":[],"qualifier":"userstatus","vlen":1},{"timestamp":9223372036854775807,"tag":[],"qualifier":"age","vlen":4},{"timestamp":9223372036854775807,"tag":[],"qualifier":"gender","vlen":1}]},"row":"18867101111"})
2016-08-08 17:15:50,080[INFO][main][com.cmcc.hy.bigdata.weijifen.guizhou.TestUserInfoDayJob:97] - first:31 38 38 36 37 31 30 31 31 31 31
2016-08-08 17:15:50,081[INFO][main][com.cmcc.hy.bigdata.weijifen.guizhou.TestUserInfoDayJob:98] - second:{"totalColumns":4,"families":{"basicInfo":[{"timestamp":9223372036854775807,"tag":[],"qualifier":"uid","vlen":11},{"timestamp":9223372036854775807,"tag":[],"qualifier":"userstatus","vlen":1},{"timestamp":9223372036854775807,"tag":[],"qualifier":"age","vlen":4},{"timestamp":9223372036854775807,"tag":[],"qualifier":"gender","vlen":1}]},"row":"18867101111"}
